<?xml version="1.0" encoding="UTF-8"?>
<!-- Generated by org.testng.reporters.JUnitReportReporter -->
<testsuite hostname="DESKTOP-6UB5GE2" failures="0" tests="7" name="automationFramework.TestCases" time="36.930" errors="0" timestamp="2023-08-13T10:26:31 IDT" skipped="0">
  <testcase classname="automationFramework.TestCases" name="navigateToWebsite" time="11.357"/>
  <testcase classname="automationFramework.TestCases" name="VerifyLogoIsDisplay" time="0.081"/>
  <testcase classname="automationFramework.TestCases" name="ClickOnSignInRegisterLink" time="16.579"/>
  <testcase classname="automationFramework.TestCases" name="verifySignInPage" time="0.040"/>
  <testcase classname="automationFramework.TestCases" name="login" time="8.753"/>
  <testcase classname="automationFramework.TestCases" name="verifyLoggedIn" time="0.072"/>
  <testcase classname="automationFramework.TestCases" name="verifyUserName" time="0.048"/>
</testsuite> <!-- automationFramework.TestCases -->
